
vi., 11 de mar. de 2022 12:29:07: 
test.c: In function 'suma':
test.c:250:5: error: 'main' is normally a non-static function [-Werror=main]
 int main( int argc, char *argv[] ) {
     ^~~~
test.c:272:1: error: expected declaration or statement at end of input
 }
 ^
At top level:
test.c:250:5: error: 'main' defined but not used [-Werror=unused-function]
 int main( int argc, char *argv[] ) {
     ^~~~
test.c:8:8: error: '_strdup' defined but not used [-Werror=unused-function]
 char * _strdup(const char * str) {
        ^~~~~~~
In file included from test.c:5:0:
exercises.c:20:5: error: 'sumaN' defined but not used [-Werror=unused-function]
 int sumaN(int a[], int N) {
     ^~~~~
cc1.exe: all warnings being treated as errors
Compilation failed
d27ef66
vi., 11 de mar. de 2022 14:29:18: 
test.c: In function 'suma':
test.c:250:5: error: 'main' is normally a non-static function [-Werror=main]
 int main( int argc, char *argv[] ) {
     ^~~~
test.c:272:1: error: expected declaration or statement at end of input
 }
 ^
At top level:
test.c:250:5: error: 'main' defined but not used [-Werror=unused-function]
 int main( int argc, char *argv[] ) {
     ^~~~
test.c:8:8: error: '_strdup' defined but not used [-Werror=unused-function]
 char * _strdup(const char * str) {
        ^~~~~~~
In file included from test.c:5:0:
exercises.c:20:5: error: 'sumaN' defined but not used [-Werror=unused-function]
 int sumaN(int a[], int N) {
     ^~~~~
cc1.exe: all warnings being treated as errors
Compilation failed
3734e1e
vi., 11 de mar. de 2022 14:31:03: 
test.c: In function 'suma':
test.c:250:5: error: 'main' is normally a non-static function [-Werror=main]
 int main( int argc, char *argv[] ) {
     ^~~~
test.c:272:1: error: expected declaration or statement at end of input
 }
 ^
At top level:
test.c:250:5: error: 'main' defined but not used [-Werror=unused-function]
 int main( int argc, char *argv[] ) {
     ^~~~
test.c:8:8: error: '_strdup' defined but not used [-Werror=unused-function]
 char * _strdup(const char * str) {
        ^~~~~~~
In file included from test.c:5:0:
exercises.c:20:5: error: 'sumaN' defined but not used [-Werror=unused-function]
 int sumaN(int a[], int N) {
     ^~~~~
cc1.exe: all warnings being treated as errors
Compilation failed
6eb0260
